= Host-specific information ====================================================
$> hostname; uname -msr
e4r11p2.42roma.it
Darwin 18.7.0 x86_64
$> date
Fri Dec  4 16:08:05 CET 2020
$> gcc --version
Configured with: --prefix=/Applications/Xcode.app/Contents/Developer/usr --with-gxx-include-dir=/Applications/Xcode.app/Contents/Developer/Platforms/MacOSX.platform/Developer/SDKs/MacOSX10.14.sdk/usr/include/c++/4.2.1
Apple LLVM version 10.0.1 (clang-1001.0.46.4)
Target: x86_64-apple-darwin18.7.0
Thread model: posix
InstalledDir: /Applications/Xcode.app/Contents/Developer/Toolchains/XcodeDefault.xctoolchain/usr/bin
$> clang --version
Apple LLVM version 10.0.1 (clang-1001.0.46.4)
Target: x86_64-apple-darwin18.7.0
Thread model: posix
InstalledDir: /Applications/Xcode.app/Contents/Developer/Toolchains/XcodeDefault.xctoolchain/usr/bin

= User files collection ========================================================
Collecting user files from Vogsphere
Repository URL: git@vogsphere.42roma.it:exam-2020-12-04/dlanotte_c-piscine-exam-01_exam_16h00m56s.git

= Git history ==================================================================
$> git -C /tmp/tmpwLoOdg/user log --pretty='%H - %an, %ad : %s'
67c6a458690be2f69dd21fbb345263e95794c1dd - Exam 42, Fri Dec 4 16:05:55 2020 +0100 : added only_z
 
= Collected files ==========================================
$> ls -lAR /tmp/tmpwLoOdg/user
total 8
-rw-r--r--  1 root  wheel  224 Dec  4 16:08 __GIT_HISTORY
drwxr-xr-x  3 root  wheel   96 Dec  4 16:08 only_z

/tmp/tmpwLoOdg/user/only_z:
total 8
-rw-r--r--  1 root  wheel  1011 Dec  4 16:08 only_z.c
 
= only_z =======================================================================
$> gcc -Wextra -Wall -Werror only_z.c -o user_exe 

= Test 1 ===================================================
$> ./g6l0mc3us9z7deos32eby44n 
$> diff -U 3 user_output_test1 test1.output | cat -e

Diff OK :D
Grade: 1

= Final grade: 1 ===============================================================
