= Host-specific information ====================================================
$> hostname; uname -msr
e3r12p2.42roma.it
Darwin 18.7.0 x86_64
$> date
Fri Dec  4 17:47:11 CET 2020
$> gcc --version
Configured with: --prefix=/Applications/Xcode.app/Contents/Developer/usr --with-gxx-include-dir=/Applications/Xcode.app/Contents/Developer/Platforms/MacOSX.platform/Developer/SDKs/MacOSX10.14.sdk/usr/include/c++/4.2.1
Apple LLVM version 10.0.1 (clang-1001.0.46.4)
Target: x86_64-apple-darwin18.7.0
Thread model: posix
InstalledDir: /Applications/Xcode.app/Contents/Developer/Toolchains/XcodeDefault.xctoolchain/usr/bin
$> clang --version
Apple LLVM version 10.0.1 (clang-1001.0.46.4)
Target: x86_64-apple-darwin18.7.0
Thread model: posix
InstalledDir: /Applications/Xcode.app/Contents/Developer/Toolchains/XcodeDefault.xctoolchain/usr/bin

= User files collection ========================================================
Collecting user files from Vogsphere
Repository URL: git@vogsphere.42roma.it:exam-2020-12-04/dlanotte_c-piscine-exam-01_exam_16h00m56s.git

= Git history ==================================================================
$> git -C /tmp/tmpaxqzAS/user log --pretty='%H - %an, %ad : %s'
fb6627b8438e8aa605de77b742b9566049996fbb - Exam 42, Fri Dec 4 17:47:00 2020 +0100 : added last_word
89b9a0ce6285a629c20392fb61dd786bfd7f3c69 - Exam 42, Fri Dec 4 17:06:49 2020 +0100 : finally i added rot_13
c6f926c494f8d6c165d5aba5801cbcd7cdcbae46 - Exam 42, Fri Dec 4 16:24:29 2020 +0100 : delete main from rev_print
6b75f35f0668c064d52e4c67e75481cb35b61ad8 - Exam 42, Fri Dec 4 16:23:06 2020 +0100 : added rev_print
67c6a458690be2f69dd21fbb345263e95794c1dd - Exam 42, Fri Dec 4 16:05:55 2020 +0100 : added only_z
 
= Collected files ==========================================
$> ls -lAR /tmp/tmpaxqzAS/user
total 8
-rw-r--r--  1 root  wheel  1310 Dec  4 17:47 __GIT_HISTORY
drwxr-xr-x  3 root  wheel    96 Dec  4 17:47 last_word
drwxr-xr-x  3 root  wheel    96 Dec  4 17:47 only_z
drwxr-xr-x  3 root  wheel    96 Dec  4 17:47 rev_print
drwxr-xr-x  3 root  wheel    96 Dec  4 17:47 rot_13

/tmp/tmpaxqzAS/user/last_word:
total 8
-rw-r--r--  1 root  wheel  1705 Dec  4 17:47 last_word.c

/tmp/tmpaxqzAS/user/only_z:
total 8
-rw-r--r--  1 root  wheel  1011 Dec  4 17:47 only_z.c

/tmp/tmpaxqzAS/user/rev_print:
total 8
-rw-r--r--  1 root  wheel  1168 Dec  4 17:47 rev_print.c

/tmp/tmpaxqzAS/user/rot_13:
total 8
-rw-r--r--  1 root  wheel  1739 Dec  4 17:47 rot_13.c
 
= last_word ====================================================================
$> gcc -Wextra -Wall -Werror last_word.c -o user_exe 

= Test 1 ===================================================
$> ./8fo9tzsx5wpkju06ckjs4gb0 
$> diff -U 3 user_output_test1 test1.output | cat -e

Diff OK :D
= Test 2 ===================================================
$> ./pl34sw2pszo5muwh58q5o4jr 
$> diff -U 3 user_output_test2 test2.output | cat -e

Diff OK :D
= Test 3 ===================================================
$> ./9okh48t1xsgvzr5gvf7211oc "salut" "a" "tous" "tout" "le" "monde"
$> diff -U 3 user_output_test3 test3.output | cat -e

Diff OK :D
= Test 4 ===================================================
$> ./ndwscnaqgutvnreeuowaf585 "gGYzeJEqVoi0SMf"
$> diff -U 3 user_output_test4 test4.output | cat -e
--- user_output_test4	2020-12-04 16:47:13.000000000 +0000$
+++ test4.output	2020-12-04 16:47:13.000000000 +0000$
@@ -1 +1 @@$
-$
+gGYzeJEqVoi0SMf$

Diff KO :(
Grade: 0

= Final grade: 0 ===============================================================
