= Host-specific information ====================================================
$> hostname; uname -msr
e4r2p3.42roma.it
Darwin 18.7.0 x86_64
$> date
Fri Dec  4 18:10:00 CET 2020
$> gcc --version
Configured with: --prefix=/Applications/Xcode.app/Contents/Developer/usr --with-gxx-include-dir=/Applications/Xcode.app/Contents/Developer/Platforms/MacOSX.platform/Developer/SDKs/MacOSX10.14.sdk/usr/include/c++/4.2.1
Apple LLVM version 10.0.1 (clang-1001.0.46.4)
Target: x86_64-apple-darwin18.7.0
Thread model: posix
InstalledDir: /Applications/Xcode.app/Contents/Developer/Toolchains/XcodeDefault.xctoolchain/usr/bin
$> clang --version
Apple LLVM version 10.0.1 (clang-1001.0.46.4)
Target: x86_64-apple-darwin18.7.0
Thread model: posix
InstalledDir: /Applications/Xcode.app/Contents/Developer/Toolchains/XcodeDefault.xctoolchain/usr/bin

= User files collection ========================================================
Collecting user files from Vogsphere
Repository URL: git@vogsphere.42roma.it:exam-2020-12-04/dlanotte_c-piscine-exam-01_exam_16h00m56s.git

= Git history ==================================================================
$> git -C /tmp/tmpVe0ill/user log --pretty='%H - %an, %ad : %s'
8374f3461decb6052f237732a8c50a152b751dfa - Exam 42, Fri Dec 4 18:09:53 2020 +0100 : patched another bug, maybe
5389a8a5ca43125957d702e5a6ea73367e947be9 - Exam 42, Fri Dec 4 17:55:51 2020 +0100 : patched single word without space bug
fb6627b8438e8aa605de77b742b9566049996fbb - Exam 42, Fri Dec 4 17:47:00 2020 +0100 : added last_word
89b9a0ce6285a629c20392fb61dd786bfd7f3c69 - Exam 42, Fri Dec 4 17:06:49 2020 +0100 : finally i added rot_13
c6f926c494f8d6c165d5aba5801cbcd7cdcbae46 - Exam 42, Fri Dec 4 16:24:29 2020 +0100 : delete main from rev_print
6b75f35f0668c064d52e4c67e75481cb35b61ad8 - Exam 42, Fri Dec 4 16:23:06 2020 +0100 : added rev_print
67c6a458690be2f69dd21fbb345263e95794c1dd - Exam 42, Fri Dec 4 16:05:55 2020 +0100 : added only_z
 
= Collected files ==========================================
$> ls -lAR /tmp/tmpVe0ill/user
total 8
-rw-r--r--  1 root  wheel  1832 Dec  4 18:10 __GIT_HISTORY
drwxr-xr-x  3 root  wheel    96 Dec  4 18:10 last_word
drwxr-xr-x  3 root  wheel    96 Dec  4 18:10 only_z
drwxr-xr-x  3 root  wheel    96 Dec  4 18:10 rev_print
drwxr-xr-x  3 root  wheel    96 Dec  4 18:10 rot_13

/tmp/tmpVe0ill/user/last_word:
total 8
-rw-r--r--  1 root  wheel  2127 Dec  4 18:10 last_word.c

/tmp/tmpVe0ill/user/only_z:
total 8
-rw-r--r--  1 root  wheel  1011 Dec  4 18:10 only_z.c

/tmp/tmpVe0ill/user/rev_print:
total 8
-rw-r--r--  1 root  wheel  1168 Dec  4 18:10 rev_print.c

/tmp/tmpVe0ill/user/rot_13:
total 8
-rw-r--r--  1 root  wheel  1739 Dec  4 18:10 rot_13.c
 
= last_word ====================================================================
$> gcc -Wextra -Wall -Werror last_word.c -o user_exe 

= Test 1 ===================================================
$> ./w22rijx3fx3o7u3l2u2aulez 
$> diff -U 3 user_output_test1 test1.output | cat -e

Diff OK :D
= Test 2 ===================================================
$> ./9i8b87lhpxch1hocxt3wkvy8 
$> diff -U 3 user_output_test2 test2.output | cat -e

Diff OK :D
= Test 3 ===================================================
$> ./g4eopthhao09uahcpyykowu9 "salut" "a" "tous" "tout" "le" "monde"
$> diff -U 3 user_output_test3 test3.output | cat -e

Diff OK :D
= Test 4 ===================================================
$> ./1bchbta4td5625daks4xpl2a "OF2U0DRtyrfihp6se"
$> diff -U 3 user_output_test4 test4.output | cat -e

Diff OK :D
= Test 5 ===================================================
$> ./g1hg1bebdcrsklj97mwjtnh9 "MCZqH659c48pWb"
$> diff -U 3 user_output_test5 test5.output | cat -e

Diff OK :D
= Test 6 ===================================================
$> ./kki99psm8hpgc6cjnjn5eebr "zd2v5rYe13"
$> diff -U 3 user_output_test6 test6.output | cat -e

Diff OK :D
= Test 7 ===================================================
$> ./02s7tv4b1lgubw7jq1dbicqb "lcIWr4J56Li 2wji HL56v3rURkGqe LfGJ7o4chDV0HuM GNHF9hxlQUgLEj qJkmxLvEA9zd 5KixWdpy83PzGuEU HAdjN1nRuF jc8sam6KFIi1S4rYR Qx8b tRBj lPSvh NJl SsoZBK6drA7tnND 7Ft 1f08 Quow5GX47xHqN s9DqtSc76wZdxb1rY"
$> diff -U 3 user_output_test7 test7.output | cat -e

Diff OK :D
= Test 8 ===================================================
$> ./wtvbjc6cr3tre5n652qovn39 "qHS ci38bL gYeRiflhoL4b chsaKv4AlfSWzg lpCuH4viDU0Kr QoKSx3PAm8uTOj4 vE6IrHD4 ILbdca9xoi13YH WYMZKeao6qwsR OHusg6kWv7 l9kjzWUpP8CX SU3Nr9bWhmRBvn mrqn70BdQUCZM"
$> diff -U 3 user_output_test8 test8.output | cat -e

Diff OK :D
= Test 9 ===================================================
$> ./hywz4ruvdutmsn1ew658tovq "4o0e E5zekfcXr Ha49zuCsQRXvF 0ByE ngjXQ WysZ3AOhEX9J pnk"
$> diff -U 3 user_output_test9 test9.output | cat -e

Diff OK :D
= Test 10 ==================================================
$> ./a8i78uzl3h8aqgf9wn2ie4r7 "		9yUVFfNS8OzXD5tXVnTZ/mqSRUEsuDMKYlLd3,qNhD3jIfptKHJl	SFkI8>6Xpm25sL3t8 		5yHnxENI21LWJCc?IyVC,VfYJWOnjEsqQo6P8ZiNV@"
$> diff -U 3 user_output_test10 test10.output | cat -e
--- user_output_test10	2020-12-04 17:10:02.000000000 +0000$
+++ test10.output	2020-12-04 17:10:02.000000000 +0000$
@@ -1 +1 @@$
-SFkI8>6Xpm25sL3t8 		5yHnxENI21LWJCc?IyVC,VfYJWOnjEsqQo6P8ZiNV$
+5yHnxENI21LWJCc?IyVC,VfYJWOnjEsqQo6P8ZiNV@$

Diff KO :(
Grade: 0

= Final grade: 0 ===============================================================
