= Host-specific information ====================================================
$> hostname; uname -msr
e3r10p8.42roma.it
Darwin 18.7.0 x86_64
$> date
Fri Dec  4 18:18:00 CET 2020
$> gcc --version
Configured with: --prefix=/Applications/Xcode.app/Contents/Developer/usr --with-gxx-include-dir=/Applications/Xcode.app/Contents/Developer/Platforms/MacOSX.platform/Developer/SDKs/MacOSX10.14.sdk/usr/include/c++/4.2.1
Apple LLVM version 10.0.1 (clang-1001.0.46.4)
Target: x86_64-apple-darwin18.7.0
Thread model: posix
InstalledDir: /Applications/Xcode.app/Contents/Developer/Toolchains/XcodeDefault.xctoolchain/usr/bin
$> clang --version
Apple LLVM version 10.0.1 (clang-1001.0.46.4)
Target: x86_64-apple-darwin18.7.0
Thread model: posix
InstalledDir: /Applications/Xcode.app/Contents/Developer/Toolchains/XcodeDefault.xctoolchain/usr/bin

= User files collection ========================================================
Collecting user files from Vogsphere
Repository URL: git@vogsphere.42roma.it:exam-2020-12-04/dlanotte_c-piscine-exam-01_exam_16h00m56s.git

= Git history ==================================================================
$> git -C /tmp/tmp47cBLy/user log --pretty='%H - %an, %ad : %s'
2f4c3a7588b676784ce96e3178ee84734bc260f3 - Exam 42, Fri Dec 4 18:16:17 2020 +0100 : i hate moulinette :D, maybe i have patched the last problem
8374f3461decb6052f237732a8c50a152b751dfa - Exam 42, Fri Dec 4 18:09:53 2020 +0100 : patched another bug, maybe
5389a8a5ca43125957d702e5a6ea73367e947be9 - Exam 42, Fri Dec 4 17:55:51 2020 +0100 : patched single word without space bug
fb6627b8438e8aa605de77b742b9566049996fbb - Exam 42, Fri Dec 4 17:47:00 2020 +0100 : added last_word
89b9a0ce6285a629c20392fb61dd786bfd7f3c69 - Exam 42, Fri Dec 4 17:06:49 2020 +0100 : finally i added rot_13
c6f926c494f8d6c165d5aba5801cbcd7cdcbae46 - Exam 42, Fri Dec 4 16:24:29 2020 +0100 : delete main from rev_print
6b75f35f0668c064d52e4c67e75481cb35b61ad8 - Exam 42, Fri Dec 4 16:23:06 2020 +0100 : added rev_print
67c6a458690be2f69dd21fbb345263e95794c1dd - Exam 42, Fri Dec 4 16:05:55 2020 +0100 : added only_z
 
= Collected files ==========================================
$> ls -lAR /tmp/tmp47cBLy/user
total 8
-rw-r--r--  1 root  wheel  2104 Dec  4 18:18 __GIT_HISTORY
drwxr-xr-x  3 root  wheel    96 Dec  4 18:18 last_word
drwxr-xr-x  3 root  wheel    96 Dec  4 18:18 only_z
drwxr-xr-x  3 root  wheel    96 Dec  4 18:18 rev_print
drwxr-xr-x  3 root  wheel    96 Dec  4 18:18 rot_13

/tmp/tmp47cBLy/user/last_word:
total 8
-rw-r--r--  1 root  wheel  2182 Dec  4 18:18 last_word.c

/tmp/tmp47cBLy/user/only_z:
total 8
-rw-r--r--  1 root  wheel  1011 Dec  4 18:18 only_z.c

/tmp/tmp47cBLy/user/rev_print:
total 8
-rw-r--r--  1 root  wheel  1168 Dec  4 18:18 rev_print.c

/tmp/tmp47cBLy/user/rot_13:
total 8
-rw-r--r--  1 root  wheel  1739 Dec  4 18:18 rot_13.c
 
= last_word ====================================================================
$> gcc -Wextra -Wall -Werror last_word.c -o user_exe 

= Test 1 ===================================================
$> ./7mew5dekbl0mubu71zj27gqj 
$> diff -U 3 user_output_test1 test1.output | cat -e

Diff OK :D
= Test 2 ===================================================
$> ./6vu8e8dztegum47tw8tmcu4j 
$> diff -U 3 user_output_test2 test2.output | cat -e

Diff OK :D
= Test 3 ===================================================
$> ./pwhadh7c6hdvf52x9q4gw8ly "salut" "a" "tous" "tout" "le" "monde"
$> diff -U 3 user_output_test3 test3.output | cat -e

Diff OK :D
= Test 4 ===================================================
$> ./2ppzhl123fgj6bq8f5nis8tt "UzlLRKwHGfXPem5"
$> diff -U 3 user_output_test4 test4.output | cat -e

Diff OK :D
= Test 5 ===================================================
$> ./7nnj67gol5mq1bk96ni9mr3o "7sbA9vaTc1lXG"
$> diff -U 3 user_output_test5 test5.output | cat -e

Diff OK :D
= Test 6 ===================================================
$> ./44q4gfub9brrrtj9eo1jbpbb "BkK"
$> diff -U 3 user_output_test6 test6.output | cat -e

Diff OK :D
= Test 7 ===================================================
$> ./i9t7iwm2ev3hfvo1wwaoi9uq "5xP6t178zJWenL lNr6s jZYvb2 jpxOBR3igm6y uZJnF9E YsIX3SFloLMc4eT HKr7yFjBP8adS SdA6QghLDxtk LZD6lg9omAYSdCH"
$> diff -U 3 user_output_test7 test7.output | cat -e

Diff OK :D
= Test 8 ===================================================
$> ./zex7cpyu6k9c0w8jz3wogwy8 "1SnUFlZwE 8tkd4I JA2STDRHjtm59EYvV CpQ RxYowGUQ3OK86 73Payx9SIdRYJO QIde9syRq uNA6vrOTHqWEDY"
$> diff -U 3 user_output_test8 test8.output | cat -e

Diff OK :D
= Test 9 ===================================================
$> ./gz1xqp1dj9xtb7pdhluaj6sf "ItoF8ANg0rhKpacxB TQzrXcP Aql9w XHBs8LIrkfMv7F9G acLwGl7gD10bA5Rt IWlZPr Dd7avbn bV97Y5UPrfQ tLl6V4F2rvcsMfI MTYpiudWLnsAtNCv yd6 2OoE1S e67CnKm2iP LIOYQUHGp2NA PHGWQ5nwYqLFo7"
$> diff -U 3 user_output_test9 test9.output | cat -e

Diff OK :D
= Test 10 ==================================================
$> ./yzvoqhrw077gjt27z5y7r7ks " IK8J5V9bFpr>eyQ7nRpGFD :Sj5mpIb7zFGZQ6uD27"
$> diff -U 3 user_output_test10 test10.output | cat -e
--- user_output_test10	2020-12-04 17:18:03.000000000 +0000$
+++ test10.output	2020-12-04 17:18:03.000000000 +0000$
@@ -1 +1 @@$
-IK8J5V9bFpr>eyQ7nRpGFD :Sj5mpIb7zFGZQ6uD27$
+:Sj5mpIb7zFGZQ6uD27$

Diff KO :(
Grade: 0

= Final grade: 0 ===============================================================
